[2024-04-23T21:02:34.289610+02:00] app_logs.INFO: agente1@bng.com-fez logout [] []
[2024-04-23T21:02:42.478951+02:00] app_logs.ERROR: admin@bng.com - Login inválido [] []
[2024-04-23T21:04:17.346668+02:00] app_logs.INFO: admin@bng.com - Login com sucesso [] []
[2024-04-23T21:04:37.655821+02:00] app_logs.INFO: admin@bng.com - fez logout [] []
[2024-04-23T21:05:40.263422+02:00] app_logs.INFO: admin@bng.com - Login com sucesso [] []
[2024-04-25T02:11:11.103508+02:00] app_logs.INFO: admin@bng.com - Login com sucesso [] []
[2024-04-25T02:11:22.363741+02:00] app_logs.INFO: admin@bng.com - fez logout [] []
[2024-04-25T02:11:35.958603+02:00] app_logs.INFO:  - fez logout [] []
[2024-04-25T03:28:55.079789+02:00] app_logs.INFO: admin@bng.com - Login com sucesso [] []
[2024-04-25T03:29:07.222004+02:00] app_logs.INFO: admin@bng.com - fez logout [] []
[2024-04-25T03:30:23.613422+02:00] app_logs.ERROR: agent1@bng.com - Login inválido [] []
[2024-04-25T03:30:46.428155+02:00] app_logs.ERROR: agent1@bng.com - Login inválido [] []
[2024-04-25T03:31:31.876324+02:00] app_logs.ERROR: agent1@bng.com - Login inválido [] []
[2024-04-25T03:31:56.980326+02:00] app_logs.ERROR: agent1@bng.com - Login inválido [] []
[2024-04-25T03:32:29.636444+02:00] app_logs.ERROR: agent1@bng.com - Login inválido [] []
[2024-04-25T03:32:45.611934+02:00] app_logs.ERROR: agent1@bng.com - Login inválido [] []
[2024-04-25T03:33:09.529475+02:00] app_logs.ERROR: agent1@bng.com - Login inválido [] []
[2024-04-25T03:33:21.492847+02:00] app_logs.ERROR: agent1@bng.com - Login inválido [] []
[2024-04-25T03:33:26.754064+02:00] app_logs.ERROR: agent1@bng.com - Login inválido [] []
[2024-04-25T03:33:57.954880+02:00] app_logs.INFO: admin@bng.com - Login com sucesso [] []
[2024-04-25T03:34:02.542303+02:00] app_logs.INFO: admin@bng.com - fez logout [] []
[2024-04-25T03:34:07.774161+02:00] app_logs.ERROR: agent1@bng.com - Login inválido [] []
[2024-04-25T03:34:14.908025+02:00] app_logs.ERROR: agent1@bng.com - Login inválido [] []
[2024-04-25T03:36:18.872965+02:00] app_logs.ERROR: agent1@bng.com - Login inválido [] []
[2024-04-25T03:36:19.078206+02:00] app_logs.ERROR: agent1@bng.com - Login inválido [] []
[2024-04-25T03:36:19.271541+02:00] app_logs.ERROR: agent1@bng.com - Login inválido [] []
[2024-04-25T03:36:19.485678+02:00] app_logs.ERROR: agent1@bng.com - Login inválido [] []
[2024-04-25T03:36:19.672053+02:00] app_logs.ERROR: agent1@bng.com - Login inválido [] []
[2024-04-25T03:36:19.718278+02:00] app_logs.ERROR: agent1@bng.com - Login inválido [] []
[2024-04-25T03:36:34.556170+02:00] app_logs.INFO: agente1@bng.com - Login com sucesso [] []
[2024-04-27T14:58:16.496637+02:00] app_logs.INFO: admin@bng.com - Login com sucesso [] []
[2024-04-27T14:58:27.124241+02:00] app_logs.INFO: admin@bng.com - fez logout [] []
[2024-04-27T14:58:35.480265+02:00] app_logs.ERROR: agent1@bng.com - Login inválido [] []
[2024-04-27T14:58:57.672637+02:00] app_logs.ERROR: agent1@bng.com - Login inválido [] []
[2024-04-27T15:11:13.894598+02:00] app_logs.INFO: agente1@bng.com - Login com sucesso [] []
[2024-04-27T16:09:54.227782+02:00] app_logs.INFO: agente1@bng.com - fez logout [] []
[2024-04-27T16:10:06.585969+02:00] app_logs.ERROR: agent2@bng.com - Login inválido [] []
[2024-04-27T16:10:22.701053+02:00] app_logs.ERROR: agent2@bng.com - Login inválido [] []
[2024-04-27T16:10:45.808778+02:00] app_logs.ERROR: agent2@bng.com - Login inválido [] []
[2024-04-27T16:11:00.177670+02:00] app_logs.ERROR: agent1@bng.com - Login inválido [] []
[2024-04-27T16:11:22.565869+02:00] app_logs.INFO: agente2@bng.com - Login com sucesso [] []
[2024-04-27T16:11:32.258369+02:00] app_logs.INFO: agente2@bng.com - fez logout [] []
[2024-04-27T16:11:43.063049+02:00] app_logs.INFO: agente1@bng.com - Login com sucesso [] []
[2024-04-27T17:42:44.002372+02:00] app_logs.INFO: agente1@bng.com - fez logout [] []
[2024-04-27T17:42:52.049199+02:00] app_logs.ERROR: agente1@bng.com - Login inválido [] []
[2024-04-27T17:43:04.638750+02:00] app_logs.ERROR: agente1@bng.com - Login inválido [] []
[2024-04-27T17:43:18.424815+02:00] app_logs.INFO: agente1@bng.com - Login com sucesso [] []
[2024-04-29T08:07:50.946252+02:00] app_logs.INFO: agente1@bng.com - fez logout [] []
[2024-04-29T08:08:02.838451+02:00] app_logs.ERROR: agente2@bng.com - Login inválido [] []
[2024-04-29T08:08:29.804196+02:00] app_logs.INFO: agente2@bng.com - Login com sucesso [] []
[2024-04-29T08:08:43.938083+02:00] app_logs.INFO: agente2@bng.com - fez logout [] []
[2024-04-29T08:09:09.172920+02:00] app_logs.INFO: agente1@bng.com - Login com sucesso [] []
